<?xml version="1.0" encoding="UTF-8"?>
<!-- Generated by org.testng.reporters.JUnitReportReporter -->
<testsuite hostname="Arjun-PC" name="com.loveholidays.mmbtesting.MMBTest2" tests="1" failures="0" timestamp="13 Jul 2017 06:36:56 GMT" time="16.559" errors="0">
  <testcase name="Scenario2" time="16.559" classname="com.loveholidays.mmbtesting.MMBTest2"/>
</testsuite> <!-- com.loveholidays.mmbtesting.MMBTest2 -->
